app/build/intermediates/manifest_merge_blame_file/debug/manifest-merger-blame-debug-report.txt
1<?xml version="1.0" encoding="utf-8"?>
2<manifest xmlns:android="http://schemas.android.com/apk/res/android"
3    package="com.wisatakita.app"
4    android:versionCode="1"
5    android:versionName="1.0" >
6
7    <uses-sdk
8        android:minSdkVersion="24"
9        android:targetSdkVersion="34" />
10
11    <uses-permission android:name="android.permission.INTERNET" />
11-->src\main\AndroidManifest.xml:5:5-66
11-->src\main\AndroidManifest.xml:5:22-64
12    <uses-permission android:name="android.permission.CAMERA" />
12-->src\main\AndroidManifest.xml:6:5-64
12-->src\main\AndroidManifest.xml:6:22-62
13    <uses-permission android:name="android.permission.READ_MEDIA_IMAGES" />
13-->src\main\AndroidManifest.xml:7:5-75
13-->src\main\AndroidManifest.xml:7:22-73
14    <uses-permission
14-->src\main\AndroidManifest.xml:8:5-106
15        android:name="android.permission.READ_EXTERNAL_STORAGE"
15-->src\main\AndroidManifest.xml:8:22-77
16        android:maxSdkVersion="32" />
16-->src\main\AndroidManifest.xml:8:78-104
17
18    <permission
18-->[androidx.core:core:1.12.0] AndroidManifest.xml:22:5-24:47
19        android:name="com.wisatakita.app.DYNAMIC_RECEIVER_NOT_EXPORTED_PERMISSION"
19-->[androidx.core:core:1.12.0] AndroidManifest.xml:23:9-81
20        android:protectionLevel="signature" />
20-->[androidx.core:core:1.12.0] AndroidManifest.xml:24:9-44
21
22    <uses-permission android:name="com.wisatakita.app.DYNAMIC_RECEIVER_NOT_EXPORTED_PERMISSION" />
22-->[androidx.core:core:1.12.0] AndroidManifest.xml:26:5-97
22-->[androidx.core:core:1.12.0] AndroidManifest.xml:26:22-94
23
24    <application
24-->src\main\AndroidManifest.xml:10:5-47:19
25        android:allowBackup="true"
25-->src\main\AndroidManifest.xml:11:9-35
26        android:appComponentFactory="androidx.core.app.CoreComponentFactory"
26-->[androidx.core:core:1.12.0] AndroidManifest.xml:28:18-86
27        android:debuggable="true"
28        android:extractNativeLibs="false"
29        android:icon="@mipmap/ic_launcher"
29-->src\main\AndroidManifest.xml:12:9-43
30        android:label="@string/app_name"
30-->src\main\AndroidManifest.xml:13:9-41
31        android:roundIcon="@mipmap/ic_launcher_round"
31-->src\main\AndroidManifest.xml:14:9-54
32        android:supportsRtl="true"
32-->src\main\AndroidManifest.xml:15:9-35
33        android:testOnly="true"
34        android:theme="@style/Theme.WisataKita"
34-->src\main\AndroidManifest.xml:16:9-48
35        android:usesCleartextTraffic="false" >
35-->src\main\AndroidManifest.xml:17:9-45
36        <activity
36-->src\main\AndroidManifest.xml:18:9-26:20
37            android:name="com.wisatakita.app.SplashActivity"
37-->src\main\AndroidManifest.xml:19:13-43
38            android:exported="true"
38-->src\main\AndroidManifest.xml:20:13-36
39            android:theme="@style/Theme.WisataKita.NoActionBar" >
39-->src\main\AndroidManifest.xml:21:13-64
40            <intent-filter>
40-->src\main\AndroidManifest.xml:22:13-25:29
41                <action android:name="android.intent.action.MAIN" />
41-->src\main\AndroidManifest.xml:23:17-69
41-->src\main\AndroidManifest.xml:23:25-66
42
43                <category android:name="android.intent.category.LAUNCHER" />
43-->src\main\AndroidManifest.xml:24:17-77
43-->src\main\AndroidManifest.xml:24:27-74
44            </intent-filter>
45        </activity>
46        <activity
46-->src\main\AndroidManifest.xml:27:9-102
47            android:name="com.wisatakita.app.LoginActivity"
47-->src\main\AndroidManifest.xml:27:19-48
48            android:theme="@style/Theme.WisataKita.NoActionBar" />
48-->src\main\AndroidManifest.xml:27:49-100
49        <activity
49-->src\main\AndroidManifest.xml:28:9-105
50            android:name="com.wisatakita.app.RegisterActivity"
50-->src\main\AndroidManifest.xml:28:19-51
51            android:theme="@style/Theme.WisataKita.NoActionBar" />
51-->src\main\AndroidManifest.xml:28:52-103
52        <activity
52-->src\main\AndroidManifest.xml:29:9-109
53            android:name="com.wisatakita.app.ProfileSetupActivity"
53-->src\main\AndroidManifest.xml:29:19-55
54            android:theme="@style/Theme.WisataKita.NoActionBar" />
54-->src\main\AndroidManifest.xml:29:56-107
55        <activity
55-->src\main\AndroidManifest.xml:30:9-93
56            android:name="com.wisatakita.app.MainActivity"
56-->src\main\AndroidManifest.xml:30:19-47
57            android:theme="@style/Theme.WisataKita.App" />
57-->src\main\AndroidManifest.xml:30:48-91
58        <activity
58-->src\main\AndroidManifest.xml:31:9-93
59            android:name="com.wisatakita.app.ListActivity"
59-->src\main\AndroidManifest.xml:31:19-47
60            android:theme="@style/Theme.WisataKita.App" />
60-->src\main\AndroidManifest.xml:31:48-91
61        <activity
61-->src\main\AndroidManifest.xml:32:9-95
62            android:name="com.wisatakita.app.DetailActivity"
62-->src\main\AndroidManifest.xml:32:19-49
63            android:theme="@style/Theme.WisataKita.App" />
63-->src\main\AndroidManifest.xml:32:50-93
64        <activity
64-->src\main\AndroidManifest.xml:33:9-96
65            android:name="com.wisatakita.app.GalleryActivity"
65-->src\main\AndroidManifest.xml:33:19-50
66            android:theme="@style/Theme.WisataKita.App" />
66-->src\main\AndroidManifest.xml:33:51-94
67        <activity
67-->src\main\AndroidManifest.xml:34:9-100
68            android:name="com.wisatakita.app.AlbumDetailActivity"
68-->src\main\AndroidManifest.xml:34:19-54
69            android:theme="@style/Theme.WisataKita.App" />
69-->src\main\AndroidManifest.xml:34:55-98
70
71        <service
71-->src\main\AndroidManifest.xml:36:9-73
72            android:name="com.wisatakita.app.MusicService"
72-->src\main\AndroidManifest.xml:36:18-46
73            android:exported="false" />
73-->src\main\AndroidManifest.xml:36:47-71
74
75        <provider
76            android:name="androidx.core.content.FileProvider"
76-->src\main\AndroidManifest.xml:39:13-62
77            android:authorities="com.wisatakita.app.fileprovider"
77-->src\main\AndroidManifest.xml:40:13-64
78            android:exported="false"
78-->src\main\AndroidManifest.xml:41:13-37
79            android:grantUriPermissions="true" >
79-->src\main\AndroidManifest.xml:42:13-47
80            <meta-data
80-->src\main\AndroidManifest.xml:43:13-45:62
81                android:name="android.support.FILE_PROVIDER_PATHS"
81-->src\main\AndroidManifest.xml:44:17-67
82                android:resource="@xml/file_provider_paths" />
82-->src\main\AndroidManifest.xml:45:17-60
83        </provider>
84        <provider
84-->[androidx.emoji2:emoji2:1.2.0] AndroidManifest.xml:24:9-32:20
85            android:name="androidx.startup.InitializationProvider"
85-->[androidx.emoji2:emoji2:1.2.0] AndroidManifest.xml:25:13-67
86            android:authorities="com.wisatakita.app.androidx-startup"
86-->[androidx.emoji2:emoji2:1.2.0] AndroidManifest.xml:26:13-68
87            android:exported="false" >
87-->[androidx.emoji2:emoji2:1.2.0] AndroidManifest.xml:27:13-37
88            <meta-data
88-->[androidx.emoji2:emoji2:1.2.0] AndroidManifest.xml:29:13-31:52
89                android:name="androidx.emoji2.text.EmojiCompatInitializer"
89-->[androidx.emoji2:emoji2:1.2.0] AndroidManifest.xml:30:17-75
90                android:value="androidx.startup" />
90-->[androidx.emoji2:emoji2:1.2.0] AndroidManifest.xml:31:17-49
91            <meta-data
91-->[androidx.lifecycle:lifecycle-process:2.6.1] AndroidManifest.xml:29:13-31:52
92                android:name="androidx.lifecycle.ProcessLifecycleInitializer"
92-->[androidx.lifecycle:lifecycle-process:2.6.1] AndroidManifest.xml:30:17-78
93                android:value="androidx.startup" />
93-->[androidx.lifecycle:lifecycle-process:2.6.1] AndroidManifest.xml:31:17-49
94            <meta-data
94-->[androidx.profileinstaller:profileinstaller:1.3.0] AndroidManifest.xml:29:13-31:52
95                android:name="androidx.profileinstaller.ProfileInstallerInitializer"
95-->[androidx.profileinstaller:profileinstaller:1.3.0] AndroidManifest.xml:30:17-85
96                android:value="androidx.startup" />
96-->[androidx.profileinstaller:profileinstaller:1.3.0] AndroidManifest.xml:31:17-49
97        </provider>
98
99        <receiver
99-->[androidx.profileinstaller:profileinstaller:1.3.0] AndroidManifest.xml:34:9-52:20
100            android:name="androidx.profileinstaller.ProfileInstallReceiver"
100-->[androidx.profileinstaller:profileinstaller:1.3.0] AndroidManifest.xml:35:13-76
101            android:directBootAware="false"
101-->[androidx.profileinstaller:profileinstaller:1.3.0] AndroidManifest.xml:36:13-44
102            android:enabled="true"
102-->[androidx.profileinstaller:profileinstaller:1.3.0] AndroidManifest.xml:37:13-35
103            android:exported="true"
103-->[androidx.profileinstaller:profileinstaller:1.3.0] AndroidManifest.xml:38:13-36
104            android:permission="android.permission.DUMP" >
104-->[androidx.profileinstaller:profileinstaller:1.3.0] AndroidManifest.xml:39:13-57
105            <intent-filter>
105-->[androidx.profileinstaller:profileinstaller:1.3.0] AndroidManifest.xml:40:13-42:29
106                <action android:name="androidx.profileinstaller.action.INSTALL_PROFILE" />
106-->[androidx.profileinstaller:profileinstaller:1.3.0] AndroidManifest.xml:41:17-91
106-->[androidx.profileinstaller:profileinstaller:1.3.0] AndroidManifest.xml:41:25-88
107            </intent-filter>
108            <intent-filter>
108-->[androidx.profileinstaller:profileinstaller:1.3.0] AndroidManifest.xml:43:13-45:29
109                <action android:name="androidx.profileinstaller.action.SKIP_FILE" />
109-->[androidx.profileinstaller:profileinstaller:1.3.0] AndroidManifest.xml:44:17-85
109-->[androidx.profileinstaller:profileinstaller:1.3.0] AndroidManifest.xml:44:25-82
110            </intent-filter>
111            <intent-filter>
111-->[androidx.profileinstaller:profileinstaller:1.3.0] AndroidManifest.xml:46:13-48:29
112                <action android:name="androidx.profileinstaller.action.SAVE_PROFILE" />
112-->[androidx.profileinstaller:profileinstaller:1.3.0] AndroidManifest.xml:47:17-88
112-->[androidx.profileinstaller:profileinstaller:1.3.0] AndroidManifest.xml:47:25-85
113            </intent-filter>
114            <intent-filter>
114-->[androidx.profileinstaller:profileinstaller:1.3.0] AndroidManifest.xml:49:13-51:29
115                <action android:name="androidx.profileinstaller.action.BENCHMARK_OPERATION" />
115-->[androidx.profileinstaller:profileinstaller:1.3.0] AndroidManifest.xml:50:17-95
115-->[androidx.profileinstaller:profileinstaller:1.3.0] AndroidManifest.xml:50:25-92
116            </intent-filter>
117        </receiver>
118    </application>
119
120</manifest>